android/app/build/intermediates/manifest_merge_blame_file/debug/manifest-merger-blame-debug-report.txt
1<?xml version="1.0" encoding="utf-8"?>
2<manifest xmlns:android="http://schemas.android.com/apk/res/android"
3    package="com.foodapp"
4    android:versionCode="1"
5    android:versionName="1.0" >
6
7    <uses-sdk
8        android:minSdkVersion="16"
9        android:targetSdkVersion="28" />
10
11    <uses-permission android:name="android.permission.SYSTEM_ALERT_WINDOW" />
11-->src\debug\AndroidManifest.xml:5:5-77
11-->src\debug\AndroidManifest.xml:5:22-75
12    <uses-permission android:name="android.permission.INTERNET" />
12-->src\main\AndroidManifest.xml:4:5-67
12-->src\main\AndroidManifest.xml:4:22-64
13    <uses-permission android:name="android.permission.CAMERA" />
13-->src\main\AndroidManifest.xml:5:5-64
13-->src\main\AndroidManifest.xml:5:22-62
14    <uses-permission android:name="android.permission.ACCESS_WIFI_STATE" />
14-->[com.facebook.flipper:flipper:0.54.0] AndroidManifest.xml:16:5-76
14-->[com.facebook.flipper:flipper:0.54.0] AndroidManifest.xml:16:22-73
15    <uses-permission android:name="android.permission.ACCESS_COARSE_LOCATION" />
15-->[:react-native-maps] AndroidManifest.xml:10:5-81
15-->[:react-native-maps] AndroidManifest.xml:10:22-78
16    <uses-permission android:name="android.permission.ACCESS_NETWORK_STATE" />
16-->[:react-native-community_netinfo] AndroidManifest.xml:9:5-79
16-->[:react-native-community_netinfo] AndroidManifest.xml:9:22-76
17
18    <queries>
18-->[:react-native-image-crop-picker] AndroidManifest.xml:10:5-14:15
19        <intent>
19-->[:react-native-image-crop-picker] AndroidManifest.xml:11:9-13:18
20            <action android:name="android.media.action.IMAGE_CAPTURE" />
20-->[:react-native-image-crop-picker] AndroidManifest.xml:12:13-73
20-->[:react-native-image-crop-picker] AndroidManifest.xml:12:21-70
21        </intent>
22    </queries>
23
24    <uses-permission android:name="android.permission.WRITE_EXTERNAL_STORAGE" />
24-->[:react-native-image-crop-picker] AndroidManifest.xml:16:5-81
24-->[:react-native-image-crop-picker] AndroidManifest.xml:16:22-78
25
26    <uses-feature
26-->[com.google.android.gms:play-services-maps:17.0.0] AndroidManifest.xml:26:5-28:35
27        android:glEsVersion="0x00020000"
27-->[com.google.android.gms:play-services-maps:17.0.0] AndroidManifest.xml:27:9-41
28        android:required="true" /> <!-- Required by older versions of Google Play services to create IID tokens -->
28-->[com.google.android.gms:play-services-maps:17.0.0] AndroidManifest.xml:28:9-32
29    <uses-permission android:name="com.google.android.c2dm.permission.RECEIVE" />
29-->[com.google.android.gms:play-services-iid:17.0.0] AndroidManifest.xml:23:5-82
29-->[com.google.android.gms:play-services-iid:17.0.0] AndroidManifest.xml:23:22-79
30    <uses-permission android:name="com.google.android.finsky.permission.BIND_GET_INSTALL_REFERRER_SERVICE" />
30-->[com.android.installreferrer:installreferrer:1.1.2] AndroidManifest.xml:9:5-110
30-->[com.android.installreferrer:installreferrer:1.1.2] AndroidManifest.xml:9:22-107
31
32    <application
32-->src\main\AndroidManifest.xml:7:5-29:19
33        android:name="com.foodapp.MainApplication"
33-->src\main\AndroidManifest.xml:8:7-38
34        android:allowBackup="false"
34-->src\main\AndroidManifest.xml:12:7-34
35        android:appComponentFactory="androidx.core.app.CoreComponentFactory"
35-->[androidx.core:core:1.3.2] AndroidManifest.xml:24:18-86
36        android:debuggable="true"
37        android:icon="@mipmap/ic_launcher"
37-->src\main\AndroidManifest.xml:10:7-41
38        android:label="@string/app_name"
38-->src\main\AndroidManifest.xml:9:7-39
39        android:roundIcon="@mipmap/ic_launcher_round"
39-->src\main\AndroidManifest.xml:11:7-52
40        android:theme="@style/AppTheme"
40-->src\main\AndroidManifest.xml:13:7-38
41        android:usesCleartextTraffic="true" >
41-->src\debug\AndroidManifest.xml:7:18-53
42        <meta-data
42-->src\main\AndroidManifest.xml:14:9-16:70
43            android:name="com.google.android.geo.API_KEY"
43-->src\main\AndroidManifest.xml:15:13-58
44            android:value="AIzaSyANG0-LliP9w-QPFBo1Oz7WyYoXgra2Tcc" />
44-->src\main\AndroidManifest.xml:16:13-68
45
46        <activity
46-->src\main\AndroidManifest.xml:17:7-27:18
47            android:name="com.foodapp.MainActivity"
47-->src\main\AndroidManifest.xml:18:9-37
48            android:configChanges="keyboard|keyboardHidden|orientation|screenSize|uiMode"
48-->src\main\AndroidManifest.xml:20:9-86
49            android:label="@string/app_name"
49-->src\main\AndroidManifest.xml:19:9-41
50            android:launchMode="singleTask"
50-->src\main\AndroidManifest.xml:21:9-40
51            android:windowSoftInputMode="adjustPan" >
51-->src\main\AndroidManifest.xml:22:9-48
52            <intent-filter>
52-->src\main\AndroidManifest.xml:23:9-26:25
53                <action android:name="android.intent.action.MAIN" />
53-->src\main\AndroidManifest.xml:24:13-65
53-->src\main\AndroidManifest.xml:24:21-62
54
55                <category android:name="android.intent.category.LAUNCHER" />
55-->src\main\AndroidManifest.xml:25:13-73
55-->src\main\AndroidManifest.xml:25:23-70
56            </intent-filter>
57        </activity>
58        <activity android:name="com.facebook.react.devsupport.DevSettingsActivity" />
58-->src\main\AndroidManifest.xml:28:7-84
58-->src\main\AndroidManifest.xml:28:17-81
59
60        <receiver
60-->[:react-native-device-info] AndroidManifest.xml:13:9-22:20
61            android:name="com.learnium.RNDeviceInfo.RNDeviceReceiver"
61-->[:react-native-device-info] AndroidManifest.xml:14:13-70
62            android:enabled="true"
62-->[:react-native-device-info] AndroidManifest.xml:15:13-35
63            android:exported="true"
63-->[:react-native-device-info] AndroidManifest.xml:16:13-36
64            android:permission="android.permission.INSTALL_PACKAGES" >
64-->[:react-native-device-info] AndroidManifest.xml:17:13-69
65            <intent-filter>
65-->[:react-native-device-info] AndroidManifest.xml:19:13-21:29
66                <action android:name="com.android.vending.INSTALL_REFERRER" />
66-->[:react-native-device-info] AndroidManifest.xml:20:17-79
66-->[:react-native-device-info] AndroidManifest.xml:20:25-76
67            </intent-filter>
68        </receiver>
69
70        <provider
70-->[:react-native-image-crop-picker] AndroidManifest.xml:19:9-27:20
71            android:name="androidx.core.content.FileProvider"
71-->[:react-native-image-crop-picker] AndroidManifest.xml:20:13-62
72            android:authorities="com.foodapp.provider"
72-->[:react-native-image-crop-picker] AndroidManifest.xml:21:13-60
73            android:exported="false"
73-->[:react-native-image-crop-picker] AndroidManifest.xml:22:13-37
74            android:grantUriPermissions="true" >
74-->[:react-native-image-crop-picker] AndroidManifest.xml:23:13-47
75            <meta-data
75-->[:react-native-image-crop-picker] AndroidManifest.xml:24:13-26:58
76                android:name="android.support.FILE_PROVIDER_PATHS"
76-->[:react-native-image-crop-picker] AndroidManifest.xml:25:17-67
77                android:resource="@xml/provider_paths" />
77-->[:react-native-image-crop-picker] AndroidManifest.xml:26:17-55
78        </provider>
79
80        <activity
80-->[:react-native-image-crop-picker] AndroidManifest.xml:29:9-31:72
81            android:name="com.yalantis.ucrop.UCropActivity"
81-->[:react-native-image-crop-picker] AndroidManifest.xml:30:13-60
82            android:theme="@style/Theme.AppCompat.Light.NoActionBar" />
82-->[:react-native-image-crop-picker] AndroidManifest.xml:31:13-69
83
84        <provider
84-->[:react-native-share] AndroidManifest.xml:10:9-18:20
85            android:name="cl.json.RNShareFileProvider"
85-->[:react-native-share] AndroidManifest.xml:11:13-55
86            android:authorities="com.foodapp.rnshare.fileprovider"
86-->[:react-native-share] AndroidManifest.xml:12:13-72
87            android:exported="false"
87-->[:react-native-share] AndroidManifest.xml:13:13-37
88            android:grantUriPermissions="true" >
88-->[:react-native-share] AndroidManifest.xml:14:13-47
89            <meta-data
89-->[:react-native-image-crop-picker] AndroidManifest.xml:24:13-26:58
90                android:name="android.support.FILE_PROVIDER_PATHS"
90-->[:react-native-image-crop-picker] AndroidManifest.xml:25:17-67
91                android:resource="@xml/share_download_paths" />
91-->[:react-native-image-crop-picker] AndroidManifest.xml:26:17-55
92        </provider> <!-- Needs to be explicitly declared on P+ -->
93        <uses-library
93-->[com.google.android.gms:play-services-maps:17.0.0] AndroidManifest.xml:33:9-35:40
94            android:name="org.apache.http.legacy"
94-->[com.google.android.gms:play-services-maps:17.0.0] AndroidManifest.xml:34:13-50
95            android:required="false" />
95-->[com.google.android.gms:play-services-maps:17.0.0] AndroidManifest.xml:35:13-37
96
97        <activity
97-->[com.google.android.gms:play-services-base:17.2.1] AndroidManifest.xml:23:9-26:75
98            android:name="com.google.android.gms.common.api.GoogleApiActivity"
98-->[com.google.android.gms:play-services-base:17.2.1] AndroidManifest.xml:24:13-79
99            android:exported="false"
99-->[com.google.android.gms:play-services-base:17.2.1] AndroidManifest.xml:25:13-37
100            android:theme="@android:style/Theme.Translucent.NoTitleBar" />
100-->[com.google.android.gms:play-services-base:17.2.1] AndroidManifest.xml:26:13-72
101
102        <meta-data
102-->[com.github.bumptech.glide:okhttp3-integration:4.11.0] AndroidManifest.xml:11:9-13:43
103            android:name="com.bumptech.glide.integration.okhttp3.OkHttpGlideModule"
103-->[com.github.bumptech.glide:okhttp3-integration:4.11.0] AndroidManifest.xml:12:13-84
104            android:value="GlideModule" />
104-->[com.github.bumptech.glide:okhttp3-integration:4.11.0] AndroidManifest.xml:13:13-40
105        <meta-data
105-->[com.google.maps.android:android-maps-utils:0.5] AndroidManifest.xml:8:9-10:69
106            android:name="com.google.android.gms.version"
106-->[com.google.maps.android:android-maps-utils:0.5] AndroidManifest.xml:9:13-58
107            android:value="@integer/google_play_services_version" />
107-->[com.google.maps.android:android-maps-utils:0.5] AndroidManifest.xml:10:13-66
108    </application>
109
110</manifest>